nohup: ignoring input
Processing j=113 (PID: 1385529)
BIC  122.0424863777359 n=1
BIC  143.54970586872147 n= 2
final n= 1
[219.18354014]
BIC= 137.95699594726642
popt_ori [  0.92732456 219.30735144   3.84832323]
Ts_low limit [4.6904752200258235]
origin BIC  1036.7650849608358 Original_Mean_score  1036.7650849608358
BIC  180.71922207635646 Mean_score  180.88754314443577
BIC  70.87151555231499 Mean_score  71.36693596915445
BIC  79.22598679464903 Mean_score  80.60592511380963
Ts>3.77 (9,)
final BIC  75.87151555231499
70.87151555231499
velocity shift [0.53517667]
nhi_c: 5.525847333055862 0.9235896547845697
nhi_w: 8.733935660226564 0.19306065272725026
fc: 0.3875127227152761 0.0400155176588555

Processing j=110 (PID: 1385523)
BIC  314.0554834905734 n=1
BIC  324.6278963870145 n= 2
final n= 1
[222.17246323]
BIC= 317.1261412760213
popt_ori [  0.2305405  222.1682203    1.26630101]
Ts_low limit [15.186318233177186]
origin BIC  1609.1785990323751 Original_Mean_score  1609.1785990323751
BIC  173.01840722734866 Mean_score  203.11604308850994
BIC  71.00049690107737 Mean_score  76.52091237609932
BIC  79.19110961593776 Mean_score  82.93277606773053
Ts>3.77 (9,)
final BIC  76.00049690107737
71.00049690107737
velocity shift [3.30768784]
nhi_c: 0.47478122319353655 0.27977559759178633
nhi_w: 8.014683115150016 0.12276001391633949
fc: 0.05592593410742508 0.031123058768222658

Processing j=107 (PID: 1385517)
BIC  169.5280165164213 n=1
BIC  200.68590591666242 n= 2
final n= 1
[234.81164635]
BIC= 169.5808522306427
popt_ori [  0.27307688 234.81343518   1.93714498]
Ts_low limit [7.636623323364071]
origin BIC  1036.8964623143338 Original_Mean_score  1036.8964623143338
BIC  57.54524521881864 Mean_score  57.55649686026924
BIC  54.35000126664998 Mean_score  54.351451767649024
BIC  67.9391281619126 Mean_score  68.42081881498636
Ts>3.77 (9,)
final BIC  59.35000126664998
54.35000126664998
velocity shift [-3.9013285]
nhi_c: 1.2451264106983533 0.07760331623828233
nhi_w: 6.786706205552056 0.5843655976775208
fc: 0.15502394910212033 0.01392364307308355

Processing j=101 (PID: 1385506)
BIC  1047.850565632866 n=1
BIC  411.676701121909 n= 2
BIC  426.42979880085244 n= 3
final n= 2
[245.18768373 217.9053185 ]
BIC= 430.89960078572534
popt_ori [4.25033075e-02 2.45129853e+02 1.07314718e+01 7.15193183e-01
 2.17907072e+02 1.47369717e+00]
Ts_low limit [638.0394508371745, 17.389789502297965]
origin BIC  1645.63686823538 Original_Mean_score  1645.783085513472
BIC  82.17989601598765 Mean_score  83.90331423709709
BIC  80.17457929352426 Mean_score  105.6164844758421
Ts>3.77 (6,)
Ts>3.77 (6,)
final BIC  92.17989601598765
82.17989601598765
velocity shift [-4. -4.]
nhi_c: 9.212627194903758 0.8624758993944407
nhi_w: 13.64109280633954 0.6971940954370546
fc: 0.40311280589779563 0.025664170693827894

Processing j=113 (PID: 1385577)
BIC  122.0424863777359 n=1
BIC  143.54970586872147 n= 2
final n= 1
[219.18354014]
BIC= 137.95699594726642
popt_ori [  0.92732456 219.30735144   3.84832323]
Ts_low limit [4.6904752200258235]
origin BIC  1036.7650849608358 Original_Mean_score  1036.7650849608358
BIC  180.71922207635646 Mean_score  180.88754314443577
BIC  70.87151555231499 Mean_score  71.36693596915445
BIC  79.22598679464903 Mean_score  80.60592511380963
Ts>3.77 (9,)
final BIC  75.87151555231499
70.87151555231499
velocity shift [0.53517667]
nhi_c: 5.525847333055862 0.9235896547845697
nhi_w: 8.733935660226564 0.19306065272725026
fc: 0.3875127227152761 0.0400155176588555

Processing j=97 (PID: 1385498)
BIC  288.12965076328993 n=1
BIC  304.04036099974604 n= 2
final n= 1
[287.58861381]
BIC= 293.76205805931176
popt_ori [1.53488126e-01 2.87588798e+02 7.29337005e-01]
Ts_low limit [8.726242666459832]
origin BIC  2482.604462506667 Original_Mean_score  2482.604462506667
BIC  63.26044917617048 Mean_score  63.2659715487926
BIC  56.02265954573197 Mean_score  56.0281301508733
BIC  69.2874557285905 Mean_score  69.28751887346363
Ts>3.77 (9,)
final BIC  56.02265954573197
56.02265954573197
velocity shift [-3.11851966]
nhi_c: 0.02896891393691272 0.003960501292846619
nhi_w: 6.909176125612172 0.0417670405559642
fc: 0.0041753110913339215 0.000569002027852372

Processing j=111 (PID: 1385526)
BIC  235.95937611452388 n=1
BIC  248.02995860425528 n= 2
final n= 1
[227.81904799]
BIC= 236.9552528966721
popt_ori [7.11609862e-02 2.27842738e+02 2.42973768e+00]
Ts_low limit [21.62058029836684]
origin BIC  1152.7919532577748 Original_Mean_score  1152.7919532577748
BIC  149.92076173848417 Mean_score  149.96206120705054
BIC  66.96190402748776 Mean_score  66.96449234472902
BIC  83.79828611470855 Mean_score  83.80441530762188
Ts>3.77 (9,)
final BIC  71.96190402748776
66.96190402748776
velocity shift [-2.19364878]
nhi_c: 1.185784613134348 0.063735841208289
nhi_w: 7.131583132143334 0.20675734236373822
fc: 0.14256729405857954 0.00746534439124354

Processing j=98 (PID: 1385504)
BIC  632.3085916106671 n=1
BIC  255.0742696787526 n= 2
BIC  172.46548166058312 n= 3
BIC  176.81776083524537 n= 4
final n= 3
[230.81565768 226.26298244 236.8941682 ]
BIC= 181.67681924922186
popt_ori [1.39485937e-01 2.36884167e+02 1.01402047e+00 1.56982540e-01
 2.26516825e+02 4.39399860e+00 4.78809255e-01 2.30805990e+02
 1.45394811e+00]
Ts_low limit [23.736376969773143, 20.73536440634985, 8.987049771388335]
origin BIC  349.1337741315805 Original_Mean_score  349.40522491477674
BIC  67.4760786249771 Mean_score  70.931189059111
BIC  80.79796559303745 Mean_score  84.24356810925936
Ts>3.77 (18,)
Ts>3.77 (18,)
Ts>3.77 (18,)
final BIC  82.4760786249771
67.4760786249771
velocity shift [-1.75412484 -1.0041757  -2.72553104]
nhi_c: 5.548566052523404 0.35255496229781585
nhi_w: 6.546463151028759 0.07250572590840086
fc: 0.4587476358381886 0.016014713827403087

Processing j=101 (PID: 1385633)
BIC  1047.850565632866 n=1
BIC  411.676701121909 n= 2
BIC  426.42979880085244 n= 3
final n= 2
[245.18768373 217.9053185 ]
BIC= 430.89960078572534
popt_ori [4.25033075e-02 2.45129853e+02 1.07314718e+01 7.15193183e-01
 2.17907072e+02 1.47369717e+00]
Ts_low limit [638.0394508371745, 17.389789502297965]
origin BIC  1645.63686823538 Original_Mean_score  1645.783085513472
BIC  82.17989601598765 Mean_score  83.90331423709709
BIC  80.17457929352426 Mean_score  105.6164844758421
Ts>3.77 (6,)
Ts>3.77 (6,)
final BIC  92.17989601598765
82.17989601598765
velocity shift [-4. -4.]
nhi_c: 9.212627194903758 0.8624758993944407
nhi_w: 13.64109280633954 0.6971940954370546
fc: 0.40311280589779563 0.025664170693827894

Processing j=106 (PID: 1385516)
BIC  173.76540568101026 n=1
BIC  154.75907431017657 n= 2
BIC  155.22953663029298 n= 3
final n= 2
[264.87215722 295.49493537]
BIC= 180.96949249161187
popt_ori [7.34314758e-01 2.64724922e+02 2.86982024e+00 2.21934603e-01
 2.95463241e+02 4.42494247e+00]
Ts_low limit [6.140643981507391, 14.07217628459339]
origin BIC  2489.1416997273227 Original_Mean_score  2489.147278424251
BIC  85.15369688940066 Mean_score  85.2793875612177
BIC  62.10655651453594 Mean_score  62.42963364885256
BIC  76.55489396384665 Mean_score  83.77929135848416
Ts>3.77 (18,)
Ts>3.77 (18,)
final BIC  72.10655651453594
62.10655651453594
velocity shift [-0.35602311 -1.79139194]
nhi_c: 7.189553785374926 0.592934889247706
nhi_w: 13.360831230830001 0.11266910191196237
fc: 0.349850077247002 0.018856413397329196

Processing j=107 (PID: 1385668)
BIC  169.5280165164213 n=1
BIC  200.68590591666242 n= 2
final n= 1
[234.81164635]
BIC= 169.5808522306427
popt_ori [  0.27307688 234.81343518   1.93714498]
Ts_low limit [7.636623323364071]
origin BIC  1036.8964623143338 Original_Mean_score  1036.8964623143338
BIC  57.54524521881864 Mean_score  57.55649686026924
BIC  54.35000126664998 Mean_score  54.351451767649024
BIC  67.9391281619126 Mean_score  68.42081881498636
Ts>3.77 (9,)
final BIC  59.35000126664998
54.35000126664998
velocity shift [-3.9013285]
nhi_c: 1.2451264106983533 0.07760331623828233
nhi_w: 6.786706205552056 0.5843655976775208
fc: 0.15502394910212033 0.01392364307308355

Processing j=110 (PID: 1385712)
BIC  314.0554834905734 n=1
BIC  324.6278963870145 n= 2
final n= 1
[222.17246323]
BIC= 317.1261412760213
popt_ori [  0.2305405  222.1682203    1.26630101]
Ts_low limit [15.186318233177186]
origin BIC  1609.1785990323751 Original_Mean_score  1609.1785990323751
BIC  173.01840722734866 Mean_score  203.11604308850994
BIC  71.00049690107737 Mean_score  76.52091237609932
BIC  79.19110961593776 Mean_score  82.93277606773053
Ts>3.77 (9,)
final BIC  76.00049690107737
71.00049690107737
velocity shift [3.30768784]
nhi_c: 0.47478122319353655 0.27977559759178633
nhi_w: 8.014683115150016 0.12276001391633949
fc: 0.05592593410742508 0.031123058768222658

Processing j=108 (PID: 1385519)
BIC  187.66228738699886 n=1
BIC  183.95982133646802 n= 2
final n= 1
[245.41671672]
BIC= 216.52519943697607
popt_ori [  0.73779545 245.83367546   3.61087104]
Ts_low limit [3.6330822149095026]
origin BIC  1340.2516715414738 Original_Mean_score  1340.2516715414738
BIC  74.30562761319968 Mean_score  75.5660301158665
BIC  72.5340725040042 Mean_score  75.07528001283627
BIC  65.84078106130063 Mean_score  69.12781518291423
BIC  80.87872475719837 Mean_score  84.11732539723197
Ts>3.77 (27,)
final BIC  70.84078106130063
65.84078106130063
velocity shift [0.47042672]
nhi_c: 1.233136367257377 0.6948538076873374
nhi_w: 13.02326528265475 3.9475811931277938
fc: 0.08649702761881556 0.05055716760395216

Processing j=111 (PID: 1385731)
BIC  235.95937611452388 n=1
BIC  248.02995860425528 n= 2
final n= 1
[227.81904799]
BIC= 236.9552528966721
popt_ori [7.11609862e-02 2.27842738e+02 2.42973768e+00]
Ts_low limit [21.62058029836684]
origin BIC  1152.7919532577748 Original_Mean_score  1152.7919532577748
BIC  149.92076173848417 Mean_score  149.96206120705054
BIC  66.96190402748776 Mean_score  66.96449234472902
BIC  83.79828611470855 Mean_score  83.80441530762188
Ts>3.77 (9,)
final BIC  71.96190402748776
66.96190402748776
velocity shift [-2.19364878]
nhi_c: 1.185784613134348 0.063735841208289
nhi_w: 7.131583132143334 0.20675734236373822
fc: 0.14256729405857954 0.00746534439124354

Processing j=120 (PID: 1385780)
BIC  231.97858110720293 n=1
BIC  251.48564560811494 n= 2
final n= 1
[253.21549514]
BIC= 230.13974349584956
popt_ori [  0.46034805 253.22370578   0.92140857]
Ts_low limit [3.4784736369701217]
origin BIC  542.8906012363051 Original_Mean_score  542.8906012363051
BIC  49.80979883366942 Mean_score  50.07857118806149
BIC  62.22333264659059 Mean_score  62.49180136783783
Ts>3.77 (3,)
final BIC  49.80979883366942
49.80979883366942
velocity shift [-2.28441646]
nhi_c: 0.07307292802849734 0.007960824044759644
nhi_w: 2.780940347785811 0.04315781958577971
fc: 0.02560356976883653 0.0027453646551132004

Processing j=97 (PID: 1385779)
BIC  288.12965076328993 n=1
BIC  304.04036099974604 n= 2
final n= 1
[287.58861381]
BIC= 293.76205805931176
popt_ori [1.53488126e-01 2.87588798e+02 7.29337005e-01]
Ts_low limit [8.726242666459832]
origin BIC  2482.604462506667 Original_Mean_score  2482.604462506667
BIC  63.26044917617048 Mean_score  63.2659715487926
BIC  56.02265954573197 Mean_score  56.0281301508733
BIC  69.2874557285905 Mean_score  69.28751887346363
Ts>3.77 (9,)
final BIC  56.02265954573197
56.02265954573197
velocity shift [-3.11851966]
nhi_c: 0.02896891393691272 0.003960501292846619
nhi_w: 6.909176125612172 0.0417670405559642
fc: 0.0041753110913339215 0.000569002027852372

Processing j=104 (PID: 1385512)
Satuated
BIC  228.29802679846543 n=1
BIC  243.2738006546573 n= 2
final n= 1
[293.60786122]
BIC= 257.4602806037955
popt_ori [  3.50465489 294.0063035    1.81259702]
Ts_low limit [2.131095770673741]
origin BIC  3749.8888972934683 Original_Mean_score  3749.8888972934683
BIC  351.4447457541924 Mean_score  354.28022606404255
BIC  76.46739352787141 Mean_score  116.0623461649874
BIC  73.84083798112403 Mean_score  94.17289311295768
BIC  83.74807724429087 Mean_score  90.97269294958569
Ts>3.77 (27,)
final BIC  78.84083798112403
73.84083798112403
velocity shift [-1.28632059]
nhi_c: 8.710947443636327 4.091954750975846
nhi_w: 14.741499899450023 0.501746913892625
fc: 0.37143021008441857 0.10995960917584514

Processing j=99 (PID: 1385501)
BIC  389.4362301262069 n=1
BIC  360.6488226616365 n= 2
BIC  335.4506438639892 n= 3
BIC  341.7289029732359 n= 4
final n= 3
[229.82024367 240.82972611 218.77682086]
BIC= 350.18508030834914
popt_ori [4.73297829e-01 2.29879446e+02 2.73154797e+00 1.03179068e-01
 2.40818144e+02 1.14468223e+00 8.87807045e-02 2.18794353e+02
 1.33291093e+00]
Ts_low limit [3.9111282408563217, 23.351526848770266, 25.399570098630104]
origin BIC  1131.076518430851 Original_Mean_score  1131.1133730990657
BIC  140.53276964103938 Mean_score  159.95651099017977
BIC  76.04524129503899 Mean_score  82.5999364960647
BIC  82.3312765047303 Mean_score  90.4537161769698
Ts>3.77 (54,)
Ts>3.77 (54,)
Ts>3.77 (54,)
final BIC  91.04524129503899
76.04524129503899
velocity shift [ 2.16035094 -4.         -3.87213987]
nhi_c: 1.6456623447776195 0.23930114323489668
nhi_w: 11.13853367756246 0.1307809744099509
fc: 0.12872630722353315 0.016362026237613347

Processing j=98 (PID: 1385871)
BIC  632.3085916106671 n=1
BIC  255.0742696787526 n= 2
BIC  172.46548166058312 n= 3
BIC  176.81776083524537 n= 4
final n= 3
[230.81565768 226.26298244 236.8941682 ]
BIC= 181.67681924922186
popt_ori [1.39485937e-01 2.36884167e+02 1.01402047e+00 1.56982540e-01
 2.26516825e+02 4.39399860e+00 4.78809255e-01 2.30805990e+02
 1.45394811e+00]
Ts_low limit [23.736376969773143, 20.73536440634985, 8.987049771388335]
origin BIC  349.1337741315805 Original_Mean_score  349.40522491477674
BIC  67.4760786249771 Mean_score  70.931189059111
BIC  80.79796559303745 Mean_score  84.24356810925936
Ts>3.77 (18,)
Ts>3.77 (18,)
Ts>3.77 (18,)
final BIC  82.4760786249771
67.4760786249771
velocity shift [-1.75412484 -1.0041757  -2.72553104]
nhi_c: 5.548566052523404 0.35255496229781585
nhi_w: 6.546463151028759 0.07250572590840086
fc: 0.4587476358381886 0.016014713827403087

Processing j=109 (PID: 1385522)
Satuated
BIC  309.41104169052204 n=1
BIC  287.3927505276008 n= 2
BIC  291.0443534888173 n= 3
final n= 2
[282.49570575 248.72676278]
BIC= 495.9983319214829
popt_ori [  2.9439518  279.88671514   2.00255022   0.91508333 248.73848474
   0.76543434]
Ts_low limit [6.025399358584047, 4.139826956154475]
origin BIC  3967.248313372976 Original_Mean_score  3967.248313372976
BIC  2065.0614016685217 Mean_score  2065.741725340375
BIC  282.46527549837606 Mean_score  286.2514106796232
BIC  114.89100646547448 Mean_score  118.63150188310958
BIC  125.54979795709423 Mean_score  141.30330998992926
Ts>3.77 (54,)
Ts>3.77 (54,)
final BIC  124.89100646547448
114.89100646547448
velocity shift [ 1.68850923 -0.11648366]
nhi_c: 8.315491087788224 4.594579614547131
nhi_w: 32.33134015623906 0.1289006105585048
fc: 0.20457907377491125 0.08991401786416738

Processing j=118 (PID: 1385776)
BIC  243.187284197559 n=1
BIC  228.43321385269178 n= 2
BIC  243.0714429857252 n= 3
final n= 2
[271.87463651 252.08945998]
BIC= 230.2191449320676
popt_ori [1.90762058e-01 2.71721435e+02 2.88046377e+00 1.21317400e-01
 2.52103069e+02 3.10682320e+00]
Ts_low limit [48.18717308989889, 35.448627518168124]
origin BIC  521.8214454068203 Original_Mean_score  521.8214573820308
BIC  129.22268603964818 Mean_score  129.39358428266908
BIC  96.88512404885775 Mean_score  97.0538278616202
BIC  98.38601145161402 Mean_score  100.7039559759661
Ts>3.77 (18,)
Ts>3.77 (18,)
final BIC  106.88512404885775
96.88512404885775
velocity shift [-0.97461086  4.        ]
nhi_c: 1.5782327404976826 0.22396605884766616
nhi_w: 10.491092106692701 0.14432754846660983
fc: 0.13076396239886434 0.01620571404454482

Processing j=112 (PID: 1385527)
BIC  235.44439391482848 n=1
BIC  208.64153302538404 n= 2
BIC  229.91217742536875 n= 3
final n= 2
[230.33265682 235.68445489]
BIC= 214.90418114976052
popt_ori [  0.50653215 235.72039235   1.22397456   0.29898824 230.6209174
   4.78605277]
Ts_low limit [5.145046143879712, 18.369680108547378]
origin BIC  343.00023659096826 Original_Mean_score  343.310198178163
BIC  90.13071711562043 Mean_score  92.875271265739
BIC  84.08702021576167 Mean_score  86.66455850509583
BIC  83.2720251937197 Mean_score  83.56257775665034
BIC  95.42563170771876 Mean_score  98.61028300600059
Ts>3.77 (54,)
Ts>3.77 (54,)
final BIC  88.2720251937197
83.2720251937197
velocity shift [-0.41837094  2.15848035]
nhi_c: 0.8566960835123658 0.4734796145420876
nhi_w: 9.723726328616461 3.7063413189839114
fc: 0.08096993202561512 0.0499594771485029

Processing j=105 (PID: 1385514)
BIC  538.6560648517722 n=1
BIC  250.63708282980804 n= 2
BIC  211.2394518676911 n= 3
BIC  238.6845125129647 n= 4
final n= 3
[242.23358936 262.34410259 249.47244815]
BIC= 216.94680524869534
popt_ori [9.34036137e-01 2.42161035e+02 2.25017724e+00 2.91872495e-01
 2.62326120e+02 1.52879225e+00 1.40860270e-01 2.48683975e+02
 2.75108994e+00]
Ts_low limit [10.916525171351047, 6.314906367946391, 15.071229307459237]
origin BIC  1536.2302156377025 Original_Mean_score  1540.683430863039
BIC  87.82509790084437 Mean_score  93.49614046635702
BIC  70.30765075345231 Mean_score  80.35956153622674
BIC  78.69126928754437 Mean_score  87.928276328833
Ts>3.77 (54,)
Ts>3.77 (54,)
Ts>3.77 (54,)
final BIC  85.30765075345231
70.30765075345231
velocity shift [-1.5698901  4.        -4.       ]
nhi_c: 7.480394383814592 1.2071102200999178
nhi_w: 13.04241699336712 0.7240780938527468
fc: 0.3644916988386722 0.039529595442365735

Processing j=100 (PID: 1385503)
BIC  235.72494672954622 n=1
BIC  171.07677184528592 n= 2
BIC  183.08473048153243 n= 3
final n= 2
[288.2928342  294.09912828]
BIC= 175.6138241317716
popt_ori [  1.41999571 288.3352558    1.380419     0.48707279 294.03357221
   1.09095877]
Ts_low limit [2.1707398846395716, 4.661329743012354]
origin BIC  2481.2295758634777 Original_Mean_score  2485.580285288744
BIC  923.673322093447 Mean_score  924.1291569007855
BIC  101.08351069772912 Mean_score  101.38016231761385
BIC  71.75676441789086 Mean_score  79.38562639875343
BIC  77.77145515720804 Mean_score  91.1009580724179
Ts>3.77 (54,)
Ts>3.77 (54,)
final BIC  81.75676441789086
71.75676441789086
velocity shift [-1.30031389 -4.        ]
nhi_c: 2.5327517000534576 0.677150294960284
nhi_w: 11.137651141316452 0.17817841016115424
fc: 0.1852726455425838 0.040428921342956545

Processing j=99 (PID: 1386009)
BIC  389.4362301262069 n=1
BIC  360.6488226616365 n= 2
BIC  335.4506438639892 n= 3
BIC  341.7289029732359 n= 4
final n= 3
[229.82024367 240.82972611 218.77682086]
BIC= 350.18508030834914
popt_ori [4.73297829e-01 2.29879446e+02 2.73154797e+00 1.03179068e-01
 2.40818144e+02 1.14468223e+00 8.87807045e-02 2.18794353e+02
 1.33291093e+00]
Ts_low limit [3.9111282408563217, 23.351526848770266, 25.399570098630104]
origin BIC  1131.076518430851 Original_Mean_score  1131.1133730990657
BIC  140.53276964103938 Mean_score  159.95651099017977
BIC  76.04524129503899 Mean_score  82.5999364960647
BIC  82.3312765047303 Mean_score  90.4537161769698
Ts>3.77 (54,)
Ts>3.77 (54,)
Ts>3.77 (54,)
final BIC  91.04524129503899
76.04524129503899
velocity shift [ 2.16035094 -4.         -3.87213987]
nhi_c: 1.6456623447776195 0.23930114323489668
nhi_w: 11.13853367756246 0.1307809744099509
fc: 0.12872630722353315 0.016362026237613347

Processing j=100 (PID: 1388406)
BIC  235.72494672954622 n=1
BIC  171.07677184528592 n= 2
BIC  183.08473048153243 n= 3
final n= 2
[288.2928342  294.09912828]
BIC= 175.6138241317716
popt_ori [  1.41999571 288.3352558    1.380419     0.48707279 294.03357221
   1.09095877]
Ts_low limit [2.1707398846395716, 4.661329743012354]
origin BIC  2481.2295758634777 Original_Mean_score  2485.580285288744
BIC  923.673322093447 Mean_score  924.1291569007855
BIC  101.08351069772912 Mean_score  101.38016231761385
BIC  71.75676441789086 Mean_score  79.38562639875343
BIC  77.77145515720804 Mean_score  91.1009580724179
Ts>3.77 (54,)
Ts>3.77 (54,)
final BIC  81.75676441789086
71.75676441789086
velocity shift [-1.30031389 -4.        ]
nhi_c: 2.5327517000534576 0.677150294960284
nhi_w: 11.137651141316452 0.17817841016115424
fc: 0.1852726455425838 0.040428921342956545

Processing j=119 (PID: 1385778)
BIC  192.41509030926497 n=1
BIC  150.23189618560204 n= 2
BIC  180.16647946852532 n= 3
final n= 2
[299.42435946 288.59340424]
BIC= 240.7854234337442
popt_ori [  0.89284223 299.42590292   1.96628557   1.27413073 289.12303543
   5.76785124]
Ts_low limit [6.893265499868603, 2.290907970667803]
origin BIC  1333.9256479400997 Original_Mean_score  1335.0296920953726
BIC  142.38758811882565 Mean_score  149.47323220151517
BIC  84.118440556798 Mean_score  99.21964844422023
BIC  64.03462938228377 Mean_score  77.13063043118592
BIC  72.59052690495018 Mean_score  82.6295187501718
Ts>3.77 (54,)
Ts>3.77 (54,)
final BIC  74.03462938228377
64.03462938228377
velocity shift [2.69356357 4.        ]
nhi_c: 22.12188241870891 9.178279525347758
nhi_w: 26.407506448011357 7.193662157249257
fc: 0.4558450649247576 0.12311538951561381

Processing j=104 (PID: 1389462)
Satuated
BIC  228.29802679846543 n=1
BIC  243.2738006546573 n= 2
final n= 1
[293.60786122]
BIC= 257.4602806037955
popt_ori [  3.50465489 294.0063035    1.81259702]
Ts_low limit [2.131095770673741]
origin BIC  3749.8888972934683 Original_Mean_score  3749.8888972934683
BIC  351.4447457541924 Mean_score  354.28022606404255
BIC  76.46739352787141 Mean_score  116.0623461649874
BIC  73.84083798112403 Mean_score  94.17289311295768
BIC  83.74807724429087 Mean_score  90.97269294958569
Ts>3.77 (27,)
final BIC  78.84083798112403
73.84083798112403
velocity shift [-1.28632059]
nhi_c: 8.710947443636327 4.091954750975846
nhi_w: 14.741499899450023 0.501746913892625
fc: 0.37143021008441857 0.10995960917584514

Processing j=103 (PID: 1385510)
BIC  355.43929204987234 n=1
BIC  306.54087650313056 n= 2
BIC  298.720096086279 n= 3
BIC  301.37837321262657 n= 4
final n= 3
[278.32259954 294.80202154 271.47039972]
BIC= 319.50140556840864
popt_ori [2.98822628e-01 2.78295055e+02 2.28259672e+00 1.71158838e-01
 2.94774860e+02 2.05714373e+00 3.32814955e-01 2.71561259e+02
 2.88358869e+00]
Ts_low limit [40.54546090428542, 18.02767611570693, 12.345366301898896]
origin BIC  2220.1729100380294 Original_Mean_score  2220.4091427457356
BIC  404.06560475507985 Mean_score  404.79592612319414
BIC  128.80504978464185 Mean_score  132.79524615678116
BIC  81.8841362669677 Mean_score  93.17430773544498
BIC  93.40188065205476 Mean_score  98.00141798924832
Ts>3.77 (162,)
Ts>3.77 (162,)
Ts>3.77 (162,)
final BIC  96.8841362669677
81.8841362669677
velocity shift [ 1.45301841 -1.15517211  3.08557515]
nhi_c: 6.000835897715812 0.7743810470131476
nhi_w: 25.217857272901703 0.3307908833640606
fc: 0.19221931760307293 0.020140285248892383

Processing j=115 (PID: 1385532)
BIC  2198.6525540598623 n=1
BIC  2149.861701237637 n= 2
BIC  2101.371495956712 n= 3
BIC  2096.180168790712 n= 4
BIC  2117.8571689920113 n= 5
final n= 4
[261.72758302 312.52174142 257.27025583 233.7354809 ]
BIC= 1692.3839742389691
popt_ori [1.43858297e-01 2.61723419e+02 1.22783574e+00 4.51325915e-02
 3.12543469e+02 1.01154319e+01 1.83963963e-01 2.57313559e+02
 2.46222770e+00 4.84029551e-02 2.33754169e+02 3.94468702e+00]
Ts_low limit [83.06422111065272, 18.20312183754926, 92.14732273762806, 32.15270461075486]
origin BIC  464.0394640220472 Original_Mean_score  467.8994519843016
BIC  132.04197596875383 Mean_score  132.0798649907185
BIC  87.72933085518432 Mean_score  87.76378018242421
BIC  100.58610795128436 Mean_score  100.60054257785958
Ts>3.77 (216,)
Ts>3.77 (216,)
Ts>3.77 (216,)
Ts>3.77 (216,)
final BIC  102.72933085518432
87.72933085518432
velocity shift [-1.54605749 -4.         -0.23043814  0.20179415]
nhi_c: 2.3503511340912704 1.0864985418866338
nhi_w: 13.505739774211445 0.5391994593218374
fc: 0.14823017524833673 0.05858263742094934

Processing j=105 (PID: 1389851)
BIC  538.6560648517722 n=1
BIC  250.63708282980804 n= 2
BIC  211.2394518676911 n= 3
BIC  238.6845125129647 n= 4
final n= 3
[242.23358936 262.34410259 249.47244815]
BIC= 216.94680524869534
popt_ori [9.34036137e-01 2.42161035e+02 2.25017724e+00 2.91872495e-01
 2.62326120e+02 1.52879225e+00 1.40860270e-01 2.48683975e+02
 2.75108994e+00]
Ts_low limit [10.916525171351047, 6.314906367946391, 15.071229307459237]
origin BIC  1536.2302156377025 Original_Mean_score  1540.683430863039
BIC  87.82509790084437 Mean_score  93.49614046635702
BIC  70.30765075345231 Mean_score  80.35956153622674
BIC  78.69126928754437 Mean_score  87.928276328833
Ts>3.77 (54,)
Ts>3.77 (54,)
Ts>3.77 (54,)
final BIC  85.30765075345231
70.30765075345231
velocity shift [-1.5698901  4.        -4.       ]
nhi_c: 7.480394383814592 1.2071102200999178
nhi_w: 13.04241699336712 0.7240780938527468
fc: 0.3644916988386722 0.039529595442365735

Processing j=106 (PID: 1390816)
BIC  173.76540568101026 n=1
BIC  154.75907431017657 n= 2
BIC  155.22953663029298 n= 3
final n= 2
[264.87215722 295.49493537]
BIC= 180.96949249161187
popt_ori [7.34314758e-01 2.64724922e+02 2.86982024e+00 2.21934603e-01
 2.95463241e+02 4.42494247e+00]
Ts_low limit [6.140643981507391, 14.07217628459339]
origin BIC  2489.1416997273227 Original_Mean_score  2489.147278424251
BIC  85.15369688940066 Mean_score  85.2793875612177
BIC  62.10655651453594 Mean_score  62.42963364885256
BIC  76.55489396384665 Mean_score  83.77929135848416
Ts>3.77 (18,)
Ts>3.77 (18,)
final BIC  72.10655651453594
62.10655651453594
velocity shift [-0.35602311 -1.79139194]
nhi_c: 7.189553785374926 0.592934889247706
nhi_w: 13.360831230830001 0.11266910191196237
fc: 0.349850077247002 0.018856413397329196

Processing j=108 (PID: 1390902)
BIC  187.66228738699886 n=1
BIC  183.95982133646802 n= 2
final n= 1
[245.41671672]
BIC= 216.52519943697607
popt_ori [  0.73779545 245.83367546   3.61087104]
Ts_low limit [3.6330822149095026]
origin BIC  1340.2516715414738 Original_Mean_score  1340.2516715414738
BIC  74.30562761319968 Mean_score  75.5660301158665
BIC  72.5340725040042 Mean_score  75.07528001283627
BIC  65.84078106130063 Mean_score  69.12781518291423
BIC  80.87872475719837 Mean_score  84.11732539723197
Ts>3.77 (27,)
final BIC  70.84078106130063
65.84078106130063
velocity shift [0.47042672]
nhi_c: 1.233136367257377 0.6948538076873374
nhi_w: 13.02326528265475 3.9475811931277938
fc: 0.08649702761881556 0.05055716760395216

Timeout for j=96. Terminating process.
Timeout for j=114. Terminating process.
Timeout for j=102. Terminating process.
Timeout for j=116. Terminating process.
Timeout for j=117. Terminating process.
Processing j=109 (PID: 1391147)
Satuated
BIC  309.41104169052204 n=1
BIC  287.3927505276008 n= 2
BIC  291.0443534888173 n= 3
final n= 2
[282.49570575 248.72676278]
BIC= 495.9983319214829
popt_ori [  2.9439518  279.88671514   2.00255022   0.91508333 248.73848474
   0.76543434]
Ts_low limit [6.025399358584047, 4.139826956154475]
origin BIC  3967.248313372976 Original_Mean_score  3967.248313372976
BIC  2065.0614016685217 Mean_score  2065.741725340375
BIC  282.46527549837606 Mean_score  286.2514106796232
BIC  114.89100646547448 Mean_score  118.63150188310958
BIC  125.54979795709423 Mean_score  141.30330998992926
Ts>3.77 (54,)
Ts>3.77 (54,)
final BIC  124.89100646547448
114.89100646547448
velocity shift [ 1.68850923 -0.11648366]
nhi_c: 8.315491087788224 4.594579614547131
nhi_w: 32.33134015623906 0.1289006105585048
fc: 0.20457907377491125 0.08991401786416738

